# JRE version: OpenJDK Runtime Environment (8.0_152-b01) (build 1.8.0_152-release-1343-b01)
# Java VM: OpenJDK 64-Bit Server VM (25.152-b01 mixed mode windows-amd64 compressed oops)
Heap:
 PSYoungGen      total 483328K, used 0K [0x00000000e0000000, 0x0000000100000000, 0x0000000100000000)
  eden space 442368K, 0% used [0x00000000e0000000,0x00000000e0000000,0x00000000fb000000)
  from space 40960K, 0% used [0x00000000fb000000,0x00000000fb000000,0x00000000fd800000)
  to   space 40960K, 0% used [0x00000000fd800000,0x00000000fd800000,0x0000000100000000)
 ParOldGen       total 199680K, used 115210K [0x00000000a0000000, 0x00000000ac300000, 0x00000000e0000000)
  object space 199680K, 57% used [0x00000000a0000000,0x00000000a7082b00,0x00000000ac300000)
 Metaspace       used 152097K, capacity 160296K, committed 164160K, reserved 1191936K
  class space    used 18674K, capacity 20059K, committed 20800K, reserved 1048576K
GC Heap History (10 events):
Event: 15155.400 GC heap after
Heap after GC invocations=55 (full 4):
 PSYoungGen      total 426496K, used 27749K [0x00000000e0000000, 0x0000000100000000, 0x0000000100000000)
  eden space 390144K, 0% used [0x00000000e0000000,0x00000000e0000000,0x00000000f7d00000)
  from space 36352K, 76% used [0x00000000f7d00000,0x00000000f9819400,0x00000000fa080000)
  to   space 39936K, 0% used [0x00000000fd900000,0x00000000fd900000,0x0000000100000000)
 ParOldGen       total 199680K, used 110099K [0x00000000a0000000, 0x00000000ac300000, 0x00000000e0000000)
  object space 199680K, 55% used [0x00000000a0000000,0x00000000a6b84c60,0x00000000ac300000)
 Metaspace       used 129962K, capacity 137198K, committed 137408K, reserved 1169408K
  class space    used 16114K, capacity 17344K, committed 17344K, reserved 1048576K
}
Event: 15443.993 GC heap before
{Heap before GC invocations=56 (full 4):
 PSYoungGen      total 426496K, used 417893K [0x00000000e0000000, 0x0000000100000000, 0x0000000100000000)
  eden space 390144K, 100% used [0x00000000e0000000,0x00000000f7d00000,0x00000000f7d00000)
  from space 36352K, 76% used [0x00000000f7d00000,0x00000000f9819400,0x00000000fa080000)
  to   space 39936K, 0% used [0x00000000fd900000,0x00000000fd900000,0x0000000100000000)
 ParOldGen       total 199680K, used 110099K [0x00000000a0000000, 0x00000000ac300000, 0x00000000e0000000)
  object space 199680K, 55% used [0x00000000a0000000,0x00000000a6b84c60,0x00000000ac300000)
 Metaspace       used 131152K, capacity 139322K, committed 139584K, reserved 1171456K
  class space    used 16317K, capacity 17672K, committed 17728K, reserved 1048576K
Event: 15444.641 GC heap after
Heap after GC invocations=56 (full 4):
 PSYoungGen      total 473088K, used 10614K [0x00000000e0000000, 0x00000000ff800000, 0x0000000100000000)
  eden space 441344K, 0% used [0x00000000e0000000,0x00000000e0000000,0x00000000faf00000)
  from space 31744K, 33% used [0x00000000fd900000,0x00000000fe35d948,0x00000000ff800000)
  to   space 37376K, 0% used [0x00000000faf00000,0x00000000faf00000,0x00000000fd380000)
 ParOldGen       total 199680K, used 110131K [0x00000000a0000000, 0x00000000ac300000, 0x00000000e0000000)
  object space 199680K, 55% used [0x00000000a0000000,0x00000000a6b8cc60,0x00000000ac300000)
 Metaspace       used 131152K, capacity 139322K, committed 139584K, reserved 1171456K
  class space    used 16317K, capacity 17672K, committed 17728K, reserved 1048576K
}
Event: 15532.294 GC heap before
{Heap before GC invocations=57 (full 4):
 PSYoungGen      total 473088K, used 451958K [0x00000000e0000000, 0x00000000ff800000, 0x0000000100000000)
  eden space 441344K, 100% used [0x00000000e0000000,0x00000000faf00000,0x00000000faf00000)
  from space 31744K, 33% used [0x00000000fd900000,0x00000000fe35d948,0x00000000ff800000)
  to   space 37376K, 0% used [0x00000000faf00000,0x00000000faf00000,0x00000000fd380000)
 ParOldGen       total 199680K, used 110131K [0x00000000a0000000, 0x00000000ac300000, 0x00000000e0000000)
  object space 199680K, 55% used [0x00000000a0000000,0x00000000a6b8cc60,0x00000000ac300000)
 Metaspace       used 131268K, capacity 139456K, committed 139584K, reserved 1171456K
  class space    used 16318K, capacity 17673K, committed 17728K, reserved 1048576K
Event: 15532.482 GC heap after
Heap after GC invocations=57 (full 4):
 PSYoungGen      total 478720K, used 9822K [0x00000000e0000000, 0x0000000100000000, 0x0000000100000000)
  eden space 441344K, 0% used [0x00000000e0000000,0x00000000e0000000,0x00000000faf00000)
  from space 37376K, 26% used [0x00000000faf00000,0x00000000fb897878,0x00000000fd380000)
  to   space 35840K, 0% used [0x00000000fdd00000,0x00000000fdd00000,0x0000000100000000)
 ParOldGen       total 199680K, used 112334K [0x00000000a0000000, 0x00000000ac300000, 0x00000000e0000000)
  object space 199680K, 56% used [0x00000000a0000000,0x00000000a6db3ae8,0x00000000ac300000)
 Metaspace       used 131268K, capacity 139456K, committed 139584K, reserved 1171456K
  class space    used 16318K, capacity 17673K, committed 17728K, reserved 1048576K
}
Event: 15623.703 GC heap before
{Heap before GC invocations=58 (full 4):
 PSYoungGen      total 478720K, used 451166K [0x00000000e0000000, 0x0000000100000000, 0x0000000100000000)
  eden space 441344K, 100% used [0x00000000e0000000,0x00000000faf00000,0x00000000faf00000)
  from space 37376K, 26% used [0x00000000faf00000,0x00000000fb897878,0x00000000fd380000)
  to   space 35840K, 0% used [0x00000000fdd00000,0x00000000fdd00000,0x0000000100000000)
 ParOldGen       total 199680K, used 112334K [0x00000000a0000000, 0x00000000ac300000, 0x00000000e0000000)
  object space 199680K, 56% used [0x00000000a0000000,0x00000000a6db3ae8,0x00000000ac300000)
 Metaspace       used 145169K, capacity 154374K, committed 154432K, reserved 1183744K
  class space    used 18229K, capacity 19736K, committed 19776K, reserved 1048576K
Event: 15623.927 GC heap after
Heap after GC invocations=58 (full 4):
 PSYoungGen      total 478208K, used 33021K [0x00000000e0000000, 0x0000000100000000, 0x0000000100000000)
  eden space 442368K, 0% used [0x00000000e0000000,0x00000000e0000000,0x00000000fb000000)
  from space 35840K, 92% used [0x00000000fdd00000,0x00000000ffd3f618,0x0000000100000000)
  to   space 40960K, 0% used [0x00000000fb000000,0x00000000fb000000,0x00000000fd800000)
 ParOldGen       total 199680K, used 114106K [0x00000000a0000000, 0x00000000ac300000, 0x00000000e0000000)
  object space 199680K, 57% used [0x00000000a0000000,0x00000000a6f6eb18,0x00000000ac300000)
 Metaspace       used 145169K, capacity 154374K, committed 154432K, reserved 1183744K
  class space    used 18229K, capacity 19736K, committed 19776K, reserved 1048576K
}
Event: 15686.735 GC heap before
{Heap before GC invocations=59 (full 4):
 PSYoungGen      total 478208K, used 460870K [0x00000000e0000000, 0x0000000100000000, 0x0000000100000000)
  eden space 442368K, 96% used [0x00000000e0000000,0x00000000fa1d2460,0x00000000fb000000)
  from space 35840K, 92% used [0x00000000fdd00000,0x00000000ffd3f618,0x0000000100000000)
  to   space 40960K, 0% used [0x00000000fb000000,0x00000000fb000000,0x00000000fd800000)
 ParOldGen       total 199680K, used 114106K [0x00000000a0000000, 0x00000000ac300000, 0x00000000e0000000)
  object space 199680K, 57% used [0x00000000a0000000,0x00000000a6f6eb18,0x00000000ac300000)
 Metaspace       used 154420K, capacity 164106K, committed 164160K, reserved 1191936K
  class space    used 19186K, capacity 20760K, committed 20800K, reserved 1048576K
Event: 15687.103 GC heap after
Heap after GC invocations=59 (full 4):
 PSYoungGen      total 483328K, used 40936K [0x00000000e0000000, 0x0000000100000000, 0x0000000100000000)
  eden space 442368K, 0% used [0x00000000e0000000,0x00000000e0000000,0x00000000fb000000)
  from space 40960K, 99% used [0x00000000fb000000,0x00000000fd7fa3b0,0x00000000fd800000)
  to   space 40960K, 0% used [0x00000000fd800000,0x00000000fd800000,0x0000000100000000)
 ParOldGen       total 199680K, used 133823K [0x00000000a0000000, 0x00000000ac300000, 0x00000000e0000000)
  object space 199680K, 67% used [0x00000000a0000000,0x00000000a82affd0,0x00000000ac300000)
 Metaspace       used 154420K, capacity 164106K, committed 164160K, reserved 1191936K
  class space    used 19186K, capacity 20760K, committed 20800K, reserved 1048576K
}
Event: 15687.103 GC heap before
{Heap before GC invocations=60 (full 5):
 PSYoungGen      total 483328K, used 40936K [0x00000000e0000000, 0x0000000100000000, 0x0000000100000000)
  eden space 442368K, 0% used [0x00000000e0000000,0x00000000e0000000,0x00000000fb000000)
  from space 40960K, 99% used [0x00000000fb000000,0x00000000fd7fa3b0,0x00000000fd800000)
  to   space 40960K, 0% used [0x00000000fd800000,0x00000000fd800000,0x0000000100000000)
 ParOldGen       total 199680K, used 133823K [0x00000000a0000000, 0x00000000ac300000, 0x00000000e0000000)
  object space 199680K, 67% used [0x00000000a0000000,0x00000000a82affd0,0x00000000ac300000)
 Metaspace       used 154420K, capacity 164106K, committed 164160K, reserved 1191936K
  class space    used 19186K, capacity 20760K, committed 20800K, reserved 1048576K

